# JRE version: OpenJDK Runtime Environment (8.0_202-b03) (build 1.8.0_202-release-1483-b03)
# Java VM: OpenJDK 64-Bit Server VM (25.202-b03 mixed mode windows-amd64 compressed oops)
Heap:
 PSYoungGen      total 297472K, used 210795K [0x00000000e0000000, 0x00000000f3780000, 0x0000000100000000)
  eden space 275968K, 70% used [0x00000000e0000000,0x00000000ebf19700,0x00000000f0d80000)
  from space 21504K, 70% used [0x00000000f0d80000,0x00000000f1c41790,0x00000000f2280000)
  to   space 11776K, 0% used [0x00000000f2c00000,0x00000000f2c00000,0x00000000f3780000)
 ParOldGen       total 108032K, used 41669K [0x00000000a0000000, 0x00000000a6980000, 0x00000000e0000000)
  object space 108032K, 38% used [0x00000000a0000000,0x00000000a28b1488,0x00000000a6980000)
 Metaspace       used 82599K, capacity 86837K, committed 87000K, reserved 1124352K
  class space    used 10703K, capacity 11471K, committed 11520K, reserved 1048576K
GC Heap History (10 events):
Event: 27.028 GC heap before
{Heap before GC invocations=14 (full 2):
 PSYoungGen      total 176640K, used 21475K [0x00000000e0000000, 0x00000000ef000000, 0x0000000100000000)
  eden space 162304K, 4% used [0x00000000e0000000,0x00000000e06fb940,0x00000000e9e80000)
  from space 14336K, 99% used [0x00000000e9e80000,0x00000000eac7d558,0x00000000eac80000)
  to   space 19456K, 0% used [0x00000000edd00000,0x00000000edd00000,0x00000000ef000000)
 ParOldGen       total 79872K, used 29520K [0x00000000a0000000, 0x00000000a4e00000, 0x00000000e0000000)
  object space 79872K, 36% used [0x00000000a0000000,0x00000000a1cd4090,0x00000000a4e00000)
 Metaspace       used 57326K, capacity 58971K, committed 59028K, reserved 1099776K
  class space    used 7783K, capacity 8192K, committed 8192K, reserved 1048576K
Event: 27.048 GC heap after
Heap after GC invocations=14 (full 2):
 PSYoungGen      total 225792K, used 512K [0x00000000e0000000, 0x00000000f0e00000, 0x0000000100000000)
  eden space 206336K, 0% used [0x00000000e0000000,0x00000000e0000000,0x00000000ec980000)
  from space 19456K, 2% used [0x00000000edd00000,0x00000000edd80000,0x00000000ef000000)
  to   space 19968K, 0% used [0x00000000ec980000,0x00000000ec980000,0x00000000edd00000)
 ParOldGen       total 79872K, used 36482K [0x00000000a0000000, 0x00000000a4e00000, 0x00000000e0000000)
  object space 79872K, 45% used [0x00000000a0000000,0x00000000a23a0908,0x00000000a4e00000)
 Metaspace       used 57326K, capacity 58971K, committed 59028K, reserved 1099776K
  class space    used 7783K, capacity 8192K, committed 8192K, reserved 1048576K
}
Event: 27.048 GC heap before
{Heap before GC invocations=15 (full 3):
 PSYoungGen      total 225792K, used 512K [0x00000000e0000000, 0x00000000f0e00000, 0x0000000100000000)
  eden space 206336K, 0% used [0x00000000e0000000,0x00000000e0000000,0x00000000ec980000)
  from space 19456K, 2% used [0x00000000edd00000,0x00000000edd80000,0x00000000ef000000)
  to   space 19968K, 0% used [0x00000000ec980000,0x00000000ec980000,0x00000000edd00000)
 ParOldGen       total 79872K, used 36482K [0x00000000a0000000, 0x00000000a4e00000, 0x00000000e0000000)
  object space 79872K, 45% used [0x00000000a0000000,0x00000000a23a0908,0x00000000a4e00000)
 Metaspace       used 57326K, capacity 58971K, committed 59028K, reserved 1099776K
  class space    used 7783K, capacity 8192K, committed 8192K, reserved 1048576K
Event: 27.488 GC heap after
Heap after GC invocations=15 (full 3):
 PSYoungGen      total 225792K, used 0K [0x00000000e0000000, 0x00000000f0e00000, 0x0000000100000000)
  eden space 206336K, 0% used [0x00000000e0000000,0x00000000e0000000,0x00000000ec980000)
  from space 19456K, 0% used [0x00000000edd00000,0x00000000edd00000,0x00000000ef000000)
  to   space 19968K, 0% used [0x00000000ec980000,0x00000000ec980000,0x00000000edd00000)
 ParOldGen       total 108032K, used 29268K [0x00000000a0000000, 0x00000000a6980000, 0x00000000e0000000)
  object space 108032K, 27% used [0x00000000a0000000,0x00000000a1c950d8,0x00000000a6980000)
 Metaspace       used 57279K, capacity 58833K, committed 59028K, reserved 1099776K
  class space    used 7767K, capacity 8165K, committed 8192K, reserved 1048576K
}
Event: 211.612 GC heap before
{Heap before GC invocations=16 (full 3):
 PSYoungGen      total 225792K, used 206336K [0x00000000e0000000, 0x00000000f0e00000, 0x0000000100000000)
  eden space 206336K, 100% used [0x00000000e0000000,0x00000000ec980000,0x00000000ec980000)
  from space 19456K, 0% used [0x00000000edd00000,0x00000000edd00000,0x00000000ef000000)
  to   space 19968K, 0% used [0x00000000ec980000,0x00000000ec980000,0x00000000edd00000)
 ParOldGen       total 108032K, used 29268K [0x00000000a0000000, 0x00000000a6980000, 0x00000000e0000000)
  object space 108032K, 27% used [0x00000000a0000000,0x00000000a1c950d8,0x00000000a6980000)
 Metaspace       used 69040K, capacity 71485K, committed 71640K, reserved 1112064K
  class space    used 9104K, capacity 9644K, committed 9728K, reserved 1048576K
Event: 211.667 GC heap after
Heap after GC invocations=16 (full 3):
 PSYoungGen      total 226304K, used 18850K [0x00000000e0000000, 0x00000000f4200000, 0x0000000100000000)
  eden space 206336K, 0% used [0x00000000e0000000,0x00000000e0000000,0x00000000ec980000)
  from space 19968K, 94% used [0x00000000ec980000,0x00000000edbe8bd8,0x00000000edd00000)
  to   space 22528K, 0% used [0x00000000f2c00000,0x00000000f2c00000,0x00000000f4200000)
 ParOldGen       total 108032K, used 29276K [0x00000000a0000000, 0x00000000a6980000, 0x00000000e0000000)
  object space 108032K, 27% used [0x00000000a0000000,0x00000000a1c970d8,0x00000000a6980000)
 Metaspace       used 69040K, capacity 71485K, committed 71640K, reserved 1112064K
  class space    used 9104K, capacity 9644K, committed 9728K, reserved 1048576K
}
Event: 324.971 GC heap before
{Heap before GC invocations=17 (full 3):
 PSYoungGen      total 226304K, used 225186K [0x00000000e0000000, 0x00000000f4200000, 0x0000000100000000)
  eden space 206336K, 100% used [0x00000000e0000000,0x00000000ec980000,0x00000000ec980000)
  from space 19968K, 94% used [0x00000000ec980000,0x00000000edbe8bd8,0x00000000edd00000)
  to   space 22528K, 0% used [0x00000000f2c00000,0x00000000f2c00000,0x00000000f4200000)
 ParOldGen       total 108032K, used 29276K [0x00000000a0000000, 0x00000000a6980000, 0x00000000e0000000)
  object space 108032K, 27% used [0x00000000a0000000,0x00000000a1c970d8,0x00000000a6980000)
 Metaspace       used 72303K, capacity 75683K, committed 75864K, reserved 1116160K
  class space    used 9412K, capacity 10089K, committed 10112K, reserved 1048576K
Event: 325.021 GC heap after
Heap after GC invocations=17 (full 3):
 PSYoungGen      total 287744K, used 9690K [0x00000000e0000000, 0x00000000f3780000, 0x0000000100000000)
  eden space 275968K, 0% used [0x00000000e0000000,0x00000000e0000000,0x00000000f0d80000)
  from space 11776K, 82% used [0x00000000f2c00000,0x00000000f35769e8,0x00000000f3780000)
  to   space 21504K, 0% used [0x00000000f0d80000,0x00000000f0d80000,0x00000000f2280000)
 ParOldGen       total 108032K, used 36856K [0x00000000a0000000, 0x00000000a6980000, 0x00000000e0000000)
  object space 108032K, 34% used [0x00000000a0000000,0x00000000a23fe338,0x00000000a6980000)
 Metaspace       used 72303K, capacity 75683K, committed 75864K, reserved 1116160K
  class space    used 9412K, capacity 10089K, committed 10112K, reserved 1048576K
}
Event: 746.450 GC heap before
{Heap before GC invocations=18 (full 3):
 PSYoungGen      total 287744K, used 285658K [0x00000000e0000000, 0x00000000f3780000, 0x0000000100000000)
  eden space 275968K, 100% used [0x00000000e0000000,0x00000000f0d80000,0x00000000f0d80000)
  from space 11776K, 82% used [0x00000000f2c00000,0x00000000f35769e8,0x00000000f3780000)
  to   space 21504K, 0% used [0x00000000f0d80000,0x00000000f0d80000,0x00000000f2280000)
 ParOldGen       total 108032K, used 36856K [0x00000000a0000000, 0x00000000a6980000, 0x00000000e0000000)
  object space 108032K, 34% used [0x00000000a0000000,0x00000000a23fe338,0x00000000a6980000)
 Metaspace       used 75685K, capacity 79679K, committed 79832K, reserved 1118208K
  class space    used 9782K, capacity 10490K, committed 10496K, reserved 1048576K
Event: 746.495 GC heap after
Heap after GC invocations=18 (full 3):
 PSYoungGen      total 297472K, used 15109K [0x00000000e0000000, 0x00000000f3780000, 0x0000000100000000)
  eden space 275968K, 0% used [0x00000000e0000000,0x00000000e0000000,0x00000000f0d80000)
  from space 21504K, 70% used [0x00000000f0d80000,0x00000000f1c41790,0x00000000f2280000)
  to   space 11776K, 0% used [0x00000000f2c00000,0x00000000f2c00000,0x00000000f3780000)
 ParOldGen       total 108032K, used 41669K [0x00000000a0000000, 0x00000000a6980000, 0x00000000e0000000)
  object space 108032K, 38% used [0x00000000a0000000,0x00000000a28b1488,0x00000000a6980000)
 Metaspace       used 75685K, capacity 79679K, committed 79832K, reserved 1118208K
  class space    used 9782K, capacity 10490K, committed 10496K, reserved 1048576K
}

